{
  "RSpec": {
    "coverage": {
      "/Users/student/Documents/week-4/daily-diary/spec/features/add_entry_spec.rb": {
        "lines": [
          1,
          1,
          1,
          1,
          1,
          1,
          1,
          1,
          null,
          null
        ]
      },
      "/Users/student/Documents/week-4/daily-diary/spec/units/diary_entry_spec.rb": {
        "lines": [
          1,
          null,
          1,
          null,
          4,
          null,
          1,
          1,
          1,
          null,
          null,
          null,
          1,
          1,
          1,
          null,
          null,
          null,
          1,
          1,
          1,
          null,
          null,
          null
        ]
      },
      "/Users/student/Documents/week-4/daily-diary/lib/diary_entry.rb": {
        "lines": [
          1,
          1,
          null,
          1,
          4,
          4,
          4,
          null,
          null
        ]
      }
    },
    "timestamp": 1588845826
  }
}
